{
  "RSpec": {
    "coverage": {
      "/home/robert/projects/challenge_app/app/controllers/likes_controller.rb": [
        1,
        1,
        null,
        1,
        0,
        0,
        0,
        0,
        null,
        0,
        null,
        null,
        1,
        null,
        1,
        0,
        null,
        null,
        1,
        0,
        null,
        null,
        1,
        0,
        null,
        null
      ],
      "/home/robert/projects/challenge_app/app/controllers/application_controller.rb": [
        1,
        null,
        null,
        1,
        null
      ],
      "/home/robert/projects/challenge_app/app/models/answer.rb": [
        1,
        1,
        1,
        1,
        1,
        null,
        1,
        0,
        null,
        null,
        1,
        1,
        1,
        null,
        null,
        null,
        1,
        1,
        null,
        null,
        null
      ],
      "/home/robert/projects/challenge_app/app/models/like.rb": [
        1,
        1,
        1,
        1,
        1,
        null,
        1,
        8,
        3,
        null,
        null,
        null,
        null,
        null
      ],
      "/home/robert/projects/challenge_app/app/models/question.rb": [
        1,
        1,
        1,
        null,
        1,
        0,
        null,
        null,
        1,
        0,
        null,
        null
      ]
    },
    "timestamp": 1405778595
  }
}
